# JRE version: Java(TM) SE Runtime Environment (8.0_152-b16) (build 1.8.0_152-b16)
# Java VM: Java HotSpot(TM) 64-Bit Server VM (25.152-b16 mixed mode bsd-amd64 compressed oops)
Heap:
 PSYoungGen      total 3177472K, used 204538K [0x000000066ab00000, 0x0000000741280000, 0x00000007c0000000)
  eden space 3008000K, 1% used [0x000000066ab00000,0x000000066dd582d0,0x0000000722480000)
  from space 169472K, 90% used [0x0000000736d00000,0x00000007402668a0,0x0000000741280000)
  to   space 252928K, 0% used [0x0000000722480000,0x0000000722480000,0x0000000731b80000)
 ParOldGen       total 6990848K, used 737868K [0x00000003c0000000, 0x000000056ab00000, 0x000000066ab00000)
  object space 6990848K, 10% used [0x00000003c0000000,0x00000003ed0931a8,0x000000056ab00000)
 Metaspace       used 31906K, capacity 32368K, committed 32896K, reserved 1079296K
  class space    used 3470K, capacity 3597K, committed 3712K, reserved 1048576K
GC Heap History (10 events):
Event: 1480.643 GC heap before
{Heap before GC invocations=13 (full 1):
 PSYoungGen      total 3549696K, used 3549016K [0x000000066ab00000, 0x0000000760900000, 0x00000007c0000000)
  eden space 3402752K, 99% used [0x000000066ab00000,0x000000073a5b4f68,0x000000073a600000)
  from space 146944K, 99% used [0x000000073fc00000,0x0000000748b211b8,0x0000000748b80000)
  to   space 312832K, 0% used [0x000000074d780000,0x000000074d780000,0x0000000760900000)
 ParOldGen       total 6990848K, used 737852K [0x00000003c0000000, 0x000000056ab00000, 0x000000066ab00000)
  object space 6990848K, 10% used [0x00000003c0000000,0x00000003ed08f1a8,0x000000056ab00000)
 Metaspace       used 31587K, capacity 32100K, committed 32640K, reserved 1079296K
  class space    used 3441K, capacity 3595K, committed 3712K, reserved 1048576K
Event: 1480.770 GC heap after
Heap after GC invocations=13 (full 1):
 PSYoungGen      total 3516928K, used 152632K [0x000000066ab00000, 0x0000000759a00000, 0x00000007c0000000)
  eden space 3317760K, 0% used [0x000000066ab00000,0x000000066ab00000,0x0000000735300000)
  from space 199168K, 76% used [0x000000074d780000,0x0000000756c8e200,0x0000000759a00000)
  to   space 298496K, 0% used [0x0000000735300000,0x0000000735300000,0x0000000747680000)
 ParOldGen       total 6990848K, used 737860K [0x00000003c0000000, 0x000000056ab00000, 0x000000066ab00000)
  object space 6990848K, 10% used [0x00000003c0000000,0x00000003ed0911a8,0x000000056ab00000)
 Metaspace       used 31587K, capacity 32100K, committed 32640K, reserved 1079296K
  class space    used 3441K, capacity 3595K, committed 3712K, reserved 1048576K
}
Event: 1999.315 GC heap before
{Heap before GC invocations=14 (full 1):
 PSYoungGen      total 3516928K, used 3470392K [0x000000066ab00000, 0x0000000759a00000, 0x00000007c0000000)
  eden space 3317760K, 100% used [0x000000066ab00000,0x0000000735300000,0x0000000735300000)
  from space 199168K, 76% used [0x000000074d780000,0x0000000756c8e200,0x0000000759a00000)
  to   space 298496K, 0% used [0x0000000735300000,0x0000000735300000,0x0000000747680000)
 ParOldGen       total 6990848K, used 737860K [0x00000003c0000000, 0x000000056ab00000, 0x000000066ab00000)
  object space 6990848K, 10% used [0x00000003c0000000,0x00000003ed0911a8,0x000000056ab00000)
 Metaspace       used 31866K, capacity 32368K, committed 32896K, reserved 1079296K
  class space    used 3465K, capacity 3597K, committed 3712K, reserved 1048576K
Event: 2000.983 GC heap after
Heap after GC invocations=14 (full 1):
 PSYoungGen      total 3389440K, used 153373K [0x000000066ab00000, 0x0000000753100000, 0x00000007c0000000)
  eden space 3235840K, 0% used [0x000000066ab00000,0x000000066ab00000,0x0000000730300000)
  from space 153600K, 99% used [0x0000000735300000,0x000000073e8c7540,0x000000073e900000)
  to   space 285696K, 0% used [0x0000000741a00000,0x0000000741a00000,0x0000000753100000)
 ParOldGen       total 6990848K, used 737860K [0x00000003c0000000, 0x000000056ab00000, 0x000000066ab00000)
  object space 6990848K, 10% used [0x00000003c0000000,0x00000003ed0911a8,0x000000056ab00000)
 Metaspace       used 31866K, capacity 32368K, committed 32896K, reserved 1079296K
  class space    used 3465K, capacity 3597K, committed 3712K, reserved 1048576K
}
Event: 2554.689 GC heap before
{Heap before GC invocations=15 (full 1):
 PSYoungGen      total 3389440K, used 3389213K [0x000000066ab00000, 0x0000000753100000, 0x00000007c0000000)
  eden space 3235840K, 100% used [0x000000066ab00000,0x0000000730300000,0x0000000730300000)
  from space 153600K, 99% used [0x0000000735300000,0x000000073e8c7540,0x000000073e900000)
  to   space 285696K, 0% used [0x0000000741a00000,0x0000000741a00000,0x0000000753100000)
 ParOldGen       total 6990848K, used 737860K [0x00000003c0000000, 0x000000056ab00000, 0x000000066ab00000)
  object space 6990848K, 10% used [0x00000003c0000000,0x00000003ed0911a8,0x000000056ab00000)
 Metaspace       used 31866K, capacity 32368K, committed 32896K, reserved 1079296K
  class space    used 3465K, capacity 3597K, committed 3712K, reserved 1048576K
Event: 2556.413 GC heap after
Heap after GC invocations=15 (full 1):
 PSYoungGen      total 3339264K, used 153274K [0x000000066ab00000, 0x000000074cc00000, 0x00000007c0000000)
  eden space 3156992K, 0% used [0x000000066ab00000,0x000000066ab00000,0x000000072b600000)
  from space 182272K, 84% used [0x0000000741a00000,0x000000074afae8a0,0x000000074cc00000)
  to   space 273408K, 0% used [0x000000072b600000,0x000000072b600000,0x000000073c100000)
 ParOldGen       total 6990848K, used 737860K [0x00000003c0000000, 0x000000056ab00000, 0x000000066ab00000)
  object space 6990848K, 10% used [0x00000003c0000000,0x00000003ed0911a8,0x000000056ab00000)
 Metaspace       used 31866K, capacity 32368K, committed 32896K, reserved 1079296K
  class space    used 3465K, capacity 3597K, committed 3712K, reserved 1048576K
}
Event: 2793.287 GC heap before
{Heap before GC invocations=16 (full 1):
 PSYoungGen      total 3339264K, used 3310266K [0x000000066ab00000, 0x000000074cc00000, 0x00000007c0000000)
  eden space 3156992K, 100% used [0x000000066ab00000,0x000000072b600000,0x000000072b600000)
  from space 182272K, 84% used [0x0000000741a00000,0x000000074afae8a0,0x000000074cc00000)
  to   space 273408K, 0% used [0x000000072b600000,0x000000072b600000,0x000000073c100000)
 ParOldGen       total 6990848K, used 737860K [0x00000003c0000000, 0x000000056ab00000, 0x000000066ab00000)
  object space 6990848K, 10% used [0x00000003c0000000,0x00000003ed0911a8,0x000000056ab00000)
 Metaspace       used 31903K, capacity 32368K, committed 32896K, reserved 1079296K
  class space    used 3470K, capacity 3597K, committed 3712K, reserved 1048576K
Event: 2795.106 GC heap after
Heap after GC invocations=16 (full 1):
 PSYoungGen      total 3232256K, used 150969K [0x000000066ab00000, 0x0000000746e00000, 0x00000007c0000000)
  eden space 3081216K, 0% used [0x000000066ab00000,0x000000066ab00000,0x0000000726c00000)
  from space 151040K, 99% used [0x000000072b600000,0x000000073496e640,0x0000000734980000)
  to   space 263168K, 0% used [0x0000000736d00000,0x0000000736d00000,0x0000000746e00000)
 ParOldGen       total 6990848K, used 737868K [0x00000003c0000000, 0x000000056ab00000, 0x000000066ab00000)
  object space 6990848K, 10% used [0x00000003c0000000,0x00000003ed0931a8,0x000000056ab00000)
 Metaspace       used 31903K, capacity 32368K, committed 32896K, reserved 1079296K
  class space    used 3470K, capacity 3597K, committed 3712K, reserved 1048576K
}
Event: 3312.017 GC heap before
{Heap before GC invocations=17 (full 1):
 PSYoungGen      total 3232256K, used 3232185K [0x000000066ab00000, 0x0000000746e00000, 0x00000007c0000000)
  eden space 3081216K, 100% used [0x000000066ab00000,0x0000000726c00000,0x0000000726c00000)
  from space 151040K, 99% used [0x000000072b600000,0x000000073496e640,0x0000000734980000)
  to   space 263168K, 0% used [0x0000000736d00000,0x0000000736d00000,0x0000000746e00000)
 ParOldGen       total 6990848K, used 737868K [0x00000003c0000000, 0x000000056ab00000, 0x000000066ab00000)
  object space 6990848K, 10% used [0x00000003c0000000,0x00000003ed0931a8,0x000000056ab00000)
 Metaspace       used 31906K, capacity 32368K, committed 32896K, reserved 1079296K
  class space    used 3470K, capacity 3597K, committed 3712K, reserved 1048576K
Event: 3313.976 GC heap after
Heap after GC invocations=17 (full 1):
 PSYoungGen      total 3177472K, used 152986K [0x000000066ab00000, 0x0000000741280000, 0x00000007c0000000)
  eden space 3008000K, 0% used [0x000000066ab00000,0x000000066ab00000,0x0000000722480000)
  from space 169472K, 90% used [0x0000000736d00000,0x00000007402668a0,0x0000000741280000)
  to   space 252928K, 0% used [0x0000000722480000,0x0000000722480000,0x0000000731b80000)
 ParOldGen       total 6990848K, used 737868K [0x00000003c0000000, 0x000000056ab00000, 0x000000066ab00000)
  object space 6990848K, 10% used [0x00000003c0000000,0x00000003ed0931a8,0x000000056ab00000)
 Metaspace       used 31906K, capacity 32368K, committed 32896K, reserved 1079296K
  class space    used 3470K, capacity 3597K, committed 3712K, reserved 1048576K
}

